/u/mx/fo/jmoraga/subt/doe-ann
c063
Tue Feb  2 20:41:52 MST 2021
Current shell:
   PID TTY          TIME CMD
213133 ?        00:00:00 bash
/u/mx/fo/jmoraga/.conda/envs/testmini/bin/python
Samples directory exists, deleting
Running time(python...desert -k 19 -s 1000)
band ( 0 ) min: 0.0
band ( 0 ) max: 1.0
band ( 1 ) min: 0.0
band ( 1 ) max: 1.0
band ( 2 ) min: 0.0
band ( 2 ) max: 1.0
Items in class  0 :  1302284
Items in class  1 :  1231496

real	0m5.526s
user	0m2.586s
sys	0m2.795s
Running time(python...desert -k 19 -s 100000)
band ( 0 ) min: 0.0
band ( 0 ) max: 1.0
band ( 1 ) min: 0.0
band ( 1 ) max: 1.0
band ( 2 ) min: 0.0
band ( 2 ) max: 1.0
Items in class  0 :  1302284
Items in class  1 :  1231496

real	6m45.706s
user	1m51.719s
sys	0m31.622s
files under: desert_samples_19x3d/0
100000
files under: desert_samples_19x3d/1
100000
Running time(python...desert -k 19 -s 1000)
band ( 0 ) min: 0.0
band ( 0 ) max: 1.0
band ( 1 ) min: 0.0
band ( 1 ) max: 1.0
band ( 2 ) min: 0.0
band ( 2 ) max: 1.0
Items in class  0 :  1302284
Items in class  1 :  1231496

real	0m5.459s
user	0m2.518s
sys	0m2.883s
Running time(python...desert -k 19 -s 100000)
band ( 0 ) min: 0.0
band ( 0 ) max: 1.0
band ( 1 ) min: 0.0
band ( 1 ) max: 1.0
band ( 2 ) min: 0.0
band ( 2 ) max: 1.0
Items in class  0 :  1302284
Items in class  1 :  1231496

real	6m46.952s
user	1m49.867s
sys	0m33.392s
files under: desert_samples_19x5d/0
100000
files under: desert_samples_19x5d/1
100000
